Using pre-set license
Built from '6000.0/staging' branch; Version is '6000.0.37f1 (090b7797214c) revision 592759'; Using compiler version '193933523'; Build Type 'Release'
OS: 'Windows 11  (10.0.22631) 64bit Core' Language: 'es' Physical Memory: 7834 MB
BatchMode: 1, IsHumanControllingUs: 0, StartBugReporterOnCrash: 0, Is64bit: 1, IsPro: 1

COMMAND LINE ARGUMENTS:
C:\Program Files\Unity\Hub\Editor\6000.0.37f1\Editor\Unity.exe
-adb2
-batchMode
-noUpm
-name
AssetImportWorker0
-projectPath
C:/Users/Camoz/Desktop/MIS PROYECTOS/MADRID CARNIVAL QUEST
-logFile
Logs/AssetImportWorker0.log
-srvPort
49929
-job-worker-count
3
-background-job-worker-count
8
-gc-helper-count
1
Successfully changed project path to: C:/Users/Camoz/Desktop/MIS PROYECTOS/MADRID CARNIVAL QUEST
C:/Users/Camoz/Desktop/MIS PROYECTOS/MADRID CARNIVAL QUEST
[UnityMemory] Configuration Parameters - Can be set up in boot.config
    "memorysetup-bucket-allocator-granularity=16"
    "memorysetup-bucket-allocator-bucket-count=8"
    "memorysetup-bucket-allocator-block-size=33554432"
    "memorysetup-bucket-allocator-block-count=8"
    "memorysetup-main-allocator-block-size=16777216"
    "memorysetup-thread-allocator-block-size=16777216"
    "memorysetup-gfx-main-allocator-block-size=16777216"
    "memorysetup-gfx-thread-allocator-block-size=16777216"
    "memorysetup-cache-allocator-block-size=4194304"
    "memorysetup-typetree-allocator-block-size=2097152"
    "memorysetup-profiler-bucket-allocator-granularity=16"
    "memorysetup-profiler-bucket-allocator-bucket-count=8"
    "memorysetup-profiler-bucket-allocator-block-size=33554432"
    "memorysetup-profiler-bucket-allocator-block-count=8"
    "memorysetup-profiler-allocator-block-size=16777216"
    "memorysetup-profiler-editor-allocator-block-size=1048576"
    "memorysetup-temp-allocator-size-main=16777216"
    "memorysetup-job-temp-allocator-block-size=2097152"
    "memorysetup-job-temp-allocator-block-size-background=1048576"
    "memorysetup-job-temp-allocator-reduction-small-platforms=262144"
    "memorysetup-allocator-temp-initial-block-size-main=262144"
    "memorysetup-allocator-temp-initial-block-size-worker=262144"
    "memorysetup-temp-allocator-size-background-worker=32768"
    "memorysetup-temp-allocator-size-job-worker=262144"
    "memorysetup-temp-allocator-size-preload-manager=33554432"
    "memorysetup-temp-allocator-size-nav-mesh-worker=65536"
    "memorysetup-temp-allocator-size-audio-worker=65536"
    "memorysetup-temp-allocator-size-cloud-worker=32768"
    "memorysetup-temp-allocator-size-gi-baking-worker=262144"
    "memorysetup-temp-allocator-size-gi-baking-worker=262144"
    "memorysetup-temp-allocator-size-gi-baking-worker=262144"
    "memorysetup-temp-allocator-size-gi-baking-worker=262144"
    "memorysetup-temp-allocator-size-gi-baking-worker=262144"
    "memorysetup-temp-allocator-size-gfx=262144"
Player connection [20600]  Target information:

Player connection [20600]  * "[IP] 10.19.199.228 [Port] 0 [Flags] 2 [Guid] 3993187719 [EditorId] 3993187719 [Version] 1048832 [Id] WindowsEditor(7,LAPTOP-0O8DH6QL) [Debug] 1 [PackageName] WindowsEditor [ProjectName] Editor" 

Player connection [20600] Host joined multi-casting on [225.0.0.222:54997]...
Player connection [20600] Host joined alternative multi-casting on [225.0.0.222:34997]...
JobSystem: Creating JobQueue using job-worker-count value 3
Input System module state changed to: Initialized.
[Physics::Module] Initialized fallback backend.
[Physics::Module] Id: 0xdecafbad
Library Redirect Path: Library/
[Physics::Module] Selected backend.
[Physics::Module] Name: PhysX
[Physics::Module] Id: 0xf2b8ea05
[Physics::Module] SDK Version: 4.1.2
[Physics::Module] Integration Version: 1.0.0
[Physics::Module] Threading Mode: Multi-Threaded
Refreshing native plugins compatible for Editor in 155.20 ms, found 3 plugins.
Preloading 0 native plugins for Editor in 0.00 ms.
Initialize engine version: 6000.0.37f1 (090b7797214c)
[Subsystems] Discovering subsystems at path C:/Program Files/Unity/Hub/Editor/6000.0.37f1/Editor/Data/Resources/UnitySubsystems
[Subsystems] Discovering subsystems at path C:/Users/Camoz/Desktop/MIS PROYECTOS/MADRID CARNIVAL QUEST/Assets
GfxDevice: creating device client; kGfxThreadingModeNonThreaded
Direct3D:
    Version:  Direct3D 11.0 [level 11.1]
    Renderer: Intel(R) Iris(R) Xe Graphics (ID=0x9a49)
    Vendor:   Intel
    VRAM:     3917 MB
    Driver:   31.0.101.5186
Initialize mono
Mono path[0] = 'C:/Program Files/Unity/Hub/Editor/6000.0.37f1/Editor/Data/Managed'
Mono path[1] = 'C:/Program Files/Unity/Hub/Editor/6000.0.37f1/Editor/Data/MonoBleedingEdge/lib/mono/unityjit-win32'
Mono config path = 'C:/Program Files/Unity/Hub/Editor/6000.0.37f1/Editor/Data/MonoBleedingEdge/etc'
Using monoOptions --debugger-agent=transport=dt_socket,embedding=1,server=y,suspend=n,address=127.0.0.1:56328
Begin MonoManager ReloadAssembly
Registering precompiled unity dll's ...
Register platform support module: C:/Program Files/Unity/Hub/Editor/6000.0.37f1/Editor/Data/PlaybackEngines/WindowsStandaloneSupport/UnityEditor.WindowsStandalone.Extensions.dll
Register platform support module: C:/Program Files/Unity/Hub/Editor/6000.0.37f1/Editor/Data/PlaybackEngines/MetroSupport/UnityEditor.UWP.Extensions.dll
Register platform support module: C:/Program Files/Unity/Hub/Editor/6000.0.37f1/Editor/Data/PlaybackEngines/AndroidPlayer/UnityEditor.Android.Extensions.dll
Registered in 1.537132 seconds.
- Loaded All Assemblies, in 18.534 seconds
Native extension for Android target not found
Android Extension - Scanning For ADB Devices 554 ms
Native extension for UWP target not found
Native extension for WindowsStandalone target not found
Mono: successfully reloaded assembly
- Finished resetting the current domain, in  1.282 seconds
Domain Reload Profiling: 19814ms
	BeginReloadAssembly (12507ms)
		ExecutionOrderSort (0ms)
		DisableScriptedObjects (0ms)
		BackupInstance (0ms)
		ReleaseScriptingObjects (0ms)
		CreateAndSetChildDomain (3ms)
	RebuildCommonClasses (1134ms)
	RebuildNativeTypeToScriptingClass (16ms)
	initialDomainReloadingComplete (1631ms)
	LoadAllAssembliesAndSetupDomain (3241ms)
		LoadAssemblies (12499ms)
		RebuildTransferFunctionScriptingTraits (0ms)
		AnalyzeDomain (3234ms)
			TypeCache.Refresh (3232ms)
				TypeCache.ScanAssembly (2659ms)
			BuildScriptInfoCaches (0ms)
			ResolveRequiredComponents (1ms)
	FinalizeReload (1284ms)
		ReleaseScriptCaches (0ms)
		RebuildScriptCaches (0ms)
		SetupLoadedEditorAssemblies (1197ms)
			LogAssemblyErrors (0ms)
			InitializePlatformSupportModulesInManaged (735ms)
			SetLoadedEditorAssemblies (6ms)
			BeforeProcessingInitializeOnLoad (108ms)
			ProcessInitializeOnLoadAttributes (221ms)
			ProcessInitializeOnLoadMethodAttributes (127ms)
			AfterProcessingInitializeOnLoad (0ms)
			EditorAssembliesLoaded (0ms)
		ExecutionOrderSort2 (0ms)
		AwakeInstancesAfterBackupRestoration (0ms)
========================================================================
Worker process is ready to serve import requests
Import Worker Mode flag is 0x00
Begin MonoManager ReloadAssembly
- Loaded All Assemblies, in 19.613 seconds
Refreshing native plugins compatible for Editor in 1.94 ms, found 3 plugins.
Native extension for Android target not found
Native extension for UWP target not found
Native extension for WindowsStandalone target not found
[MODES] ModeService[none].Initialize
[MODES] ModeService[none].LoadModes
[MODES] Loading mode Default (0) for mode-current-id-MADRID CARNIVAL QUEST
Mono: successfully reloaded assembly
- Finished resetting the current domain, in  2.324 seconds
Domain Reload Profiling: 21921ms
	BeginReloadAssembly (320ms)
		ExecutionOrderSort (0ms)
		DisableScriptedObjects (13ms)
		BackupInstance (0ms)
		ReleaseScriptingObjects (0ms)
		CreateAndSetChildDomain (46ms)
	RebuildCommonClasses (57ms)
	RebuildNativeTypeToScriptingClass (17ms)
	initialDomainReloadingComplete (66ms)
	LoadAllAssembliesAndSetupDomain (19135ms)
		LoadAssemblies (16944ms)
		RebuildTransferFunctionScriptingTraits (0ms)
		AnalyzeDomain (2383ms)
			TypeCache.Refresh (2234ms)
				TypeCache.ScanAssembly (2073ms)
			BuildScriptInfoCaches (124ms)
			ResolveRequiredComponents (8ms)
	FinalizeReload (2325ms)
		ReleaseScriptCaches (0ms)
		RebuildScriptCaches (0ms)
		SetupLoadedEditorAssemblies (2090ms)
			LogAssemblyErrors (0ms)
			InitializePlatformSupportModulesInManaged (35ms)
			SetLoadedEditorAssemblies (10ms)
			BeforeProcessingInitializeOnLoad (412ms)
			ProcessInitializeOnLoadAttributes (1413ms)
			ProcessInitializeOnLoadMethodAttributes (212ms)
			AfterProcessingInitializeOnLoad (7ms)
			EditorAssembliesLoaded (1ms)
		ExecutionOrderSort2 (0ms)
		AwakeInstancesAfterBackupRestoration (8ms)
Launched and connected shader compiler UnityShaderCompiler.exe after 0.06 seconds
Refreshing native plugins compatible for Editor in 1.46 ms, found 3 plugins.
Preloading 0 native plugins for Editor in 0.00 ms.
Unloading 77 Unused Serialized files (Serialized files now loaded: 0)
Unloading 5847 unused Assets / (5.2 MB). Loaded Objects now: 6341.
Memory consumption went from 124.0 MB to 118.8 MB.
Total: 48.724400 ms (FindLiveObjects: 28.605700 ms CreateObjectMapping: 1.335400 ms MarkObjects: 10.460100 ms  DeleteObjects: 8.319700 ms)

========================================================================
Received Import Request.
  Time since last request: 14933.090465 seconds.
  path: Assets/PLANE/New Material 2.mat
  artifactKey: Guid(f3863bd10fe196e43a48dcfe548e6ee5) Importer(815301076,1909f56bfc062723c751e8b465ee728b)
Start importing Assets/PLANE/New Material 2.mat using Guid(f3863bd10fe196e43a48dcfe548e6ee5) Importer(815301076,1909f56bfc062723c751e8b465ee728b) (PreviewImporter) -> (artifact id: 'b5eacb52325598c77dbc650918a1aa2d') in 0.1800889 seconds
Number of updated asset objects reloaded before import = 0Number of asset objects unloaded after import = 1

========================================================================
Received Import Request.
  Time since last request: 1006.631421 seconds.
  path: Assets/PLANE/New Material 3.mat
  artifactKey: Guid(7b2427c27446a8d45959119fcadb2f62) Importer(815301076,1909f56bfc062723c751e8b465ee728b)
Start importing Assets/PLANE/New Material 3.mat using Guid(7b2427c27446a8d45959119fcadb2f62) Importer(815301076,1909f56bfc062723c751e8b465ee728b) (PreviewImporter) -> (artifact id: 'cd74482916a233c5f007cfeab7fc68aa') in 0.0200956 seconds
Number of updated asset objects reloaded before import = 0Number of asset objects unloaded after import = 1

========================================================================
Received Import Request.
  Time since last request: 890.680061 seconds.
  path: Assets/PLANE/New Material 4.mat
  artifactKey: Guid(8f075945ae5957144b4446d475f53632) Importer(815301076,1909f56bfc062723c751e8b465ee728b)
Start importing Assets/PLANE/New Material 4.mat using Guid(8f075945ae5957144b4446d475f53632) Importer(815301076,1909f56bfc062723c751e8b465ee728b) (PreviewImporter) -> (artifact id: '697dd1917a6709c3ceee69a684956137') in 0.0282352 seconds
Number of updated asset objects reloaded before import = 0Number of asset objects unloaded after import = 1

========================================================================
Received Import Request.
  Time since last request: 60.520842 seconds.
  path: Assets/PLANE/New Material.mat
  artifactKey: Guid(14fe81f5cbe95af44aaebda4871bad1d) Importer(815301076,1909f56bfc062723c751e8b465ee728b)
Start importing Assets/PLANE/New Material.mat using Guid(14fe81f5cbe95af44aaebda4871bad1d) Importer(815301076,1909f56bfc062723c751e8b465ee728b) (PreviewImporter) -> (artifact id: 'd1e325c7c112699ab5a8e1291551c334') in 0.0212779 seconds
Number of updated asset objects reloaded before import = 0Number of asset objects unloaded after import = 1

========================================================================
Received Import Request.
  Time since last request: 0.000024 seconds.
  path: Assets/PLANE/New Material 2.mat
  artifactKey: Guid(f3863bd10fe196e43a48dcfe548e6ee5) Importer(815301076,1909f56bfc062723c751e8b465ee728b)
Start importing Assets/PLANE/New Material 2.mat using Guid(f3863bd10fe196e43a48dcfe548e6ee5) Importer(815301076,1909f56bfc062723c751e8b465ee728b) (PreviewImporter) -> (artifact id: 'dd74c1595de309ec098a1106bc42550a') in 0.0229097 seconds
Number of updated asset objects reloaded before import = 0Number of asset objects unloaded after import = 1

========================================================================
Received Import Request.
  Time since last request: 0.000191 seconds.
  path: Assets/PLANE/New Material 4.mat
  artifactKey: Guid(8f075945ae5957144b4446d475f53632) Importer(815301076,1909f56bfc062723c751e8b465ee728b)
Start importing Assets/PLANE/New Material 4.mat using Guid(8f075945ae5957144b4446d475f53632) Importer(815301076,1909f56bfc062723c751e8b465ee728b) (PreviewImporter) -> (artifact id: '4245141689824fe063f98366fa37842f') in 0.0363456 seconds
Number of updated asset objects reloaded before import = 0Number of asset objects unloaded after import = 1

========================================================================
Received Import Request.
  Time since last request: 0.000048 seconds.
  path: Assets/PLANE/New Material 3.mat
  artifactKey: Guid(7b2427c27446a8d45959119fcadb2f62) Importer(815301076,1909f56bfc062723c751e8b465ee728b)
Start importing Assets/PLANE/New Material 3.mat using Guid(7b2427c27446a8d45959119fcadb2f62) Importer(815301076,1909f56bfc062723c751e8b465ee728b) (PreviewImporter) -> (artifact id: 'e848180baefa7805ad28227d7fc55f80') in 0.0241593 seconds
Number of updated asset objects reloaded before import = 0Number of asset objects unloaded after import = 1

